<?xml version="1.0"?>
<!DOCTYPE coverage SYSTEM "http://cobertura.sourceforge.net/xml/coverage-04.dtd">

<coverage line-rate="0.9222520107238605" branch-rate="0.8758278145695364" lines-covered="2752" lines-valid="2984" branches-covered="1058" branches-valid="1208" complexity="2.3934426229508197" version="2.1.1" timestamp="1472859749364">
	<sources>
		<source>D:/home/workspace4.5/git_super-csv-annotation/src/main/java</source>
		<source>--source</source>
	</sources>
	<packages>
		<package name="org.supercsv.ext.annotation" line-rate="1.0" branch-rate="1.0" complexity="0.0">
			<classes>
				<class name="org.supercsv.ext.annotation.CsvBean" filename="org/supercsv/ext/annotation/CsvBean.java" line-rate="1.0" branch-rate="1.0" complexity="0.0">
					<methods>
					</methods>
					<lines>
					</lines>
				</class>
				<class name="org.supercsv.ext.annotation.CsvBooleanConverter" filename="org/supercsv/ext/annotation/CsvBooleanConverter.java" line-rate="1.0" branch-rate="1.0" complexity="0.0">
					<methods>
					</methods>
					<lines>
					</lines>
				</class>
				<class name="org.supercsv.ext.annotation.CsvColumn" filename="org/supercsv/ext/annotation/CsvColumn.java" line-rate="1.0" branch-rate="1.0" complexity="0.0">
					<methods>
					</methods>
					<lines>
					</lines>
				</class>
				<class name="org.supercsv.ext.annotation.CsvDateConverter" filename="org/supercsv/ext/annotation/CsvDateConverter.java" line-rate="1.0" branch-rate="1.0" complexity="0.0">
					<methods>
					</methods>
					<lines>
					</lines>
				</class>
				<class name="org.supercsv.ext.annotation.CsvEnumConverter" filename="org/supercsv/ext/annotation/CsvEnumConverter.java" line-rate="1.0" branch-rate="1.0" complexity="0.0">
					<methods>
					</methods>
					<lines>
					</lines>
				</class>
				<class name="org.supercsv.ext.annotation.CsvNumberConverter" filename="org/supercsv/ext/annotation/CsvNumberConverter.java" line-rate="1.0" branch-rate="1.0" complexity="0.0">
					<methods>
					</methods>
					<lines>
					</lines>
				</class>
				<class name="org.supercsv.ext.annotation.CsvStringConverter" filename="org/supercsv/ext/annotation/CsvStringConverter.java" line-rate="1.0" branch-rate="1.0" complexity="0.0">
					<methods>
					</methods>
					<lines>
					</lines>
				</class>
			</classes>
		</package>
		<package name="org.supercsv.ext.builder" line-rate="0.87890625" branch-rate="0.8863636363636364" complexity="1.7551020408163265">
			<classes>
				<class name="org.supercsv.ext.builder.AbstractCellProcessorBuilder" filename="org/supercsv/ext/builder/AbstractCellProcessorBuilder.java" line-rate="0.9807692307692307" branch-rate="0.9722222222222222" complexity="0.0">
					<methods>
						<method name="&lt;init&gt;" signature="()V" line-rate="1.0" branch-rate="1.0" complexity="0">
							<lines>
								<line number="25" hits="2978" branch="false"/>
							</lines>
						</method>
						<method name="buildInputCellProcessor" signature="(Ljava/lang/Class;[Ljava/lang/annotation/Annotation;)Lorg/supercsv/cellprocessor/ift/CellProcessor;" line-rate="1.0" branch-rate="1.0" complexity="0">
							<lines>
								<line number="93" hits="843" branch="false"/>
								<line number="95" hits="843" branch="false"/>
								<line number="97" hits="843" branch="false"/>
								<line number="99" hits="842" branch="true" condition-coverage="100% (2/2)">
									<conditions>
										<condition number="0" type="jump" coverage="100%"/>
									</conditions>
								</line>
								<line number="100" hits="125" branch="false"/>
								<line number="103" hits="842" branch="true" condition-coverage="100% (2/2)">
									<conditions>
										<condition number="0" type="jump" coverage="100%"/>
									</conditions>
								</line>
								<line number="104" hits="252" branch="false"/>
								<line number="105" hits="126" branch="false"/>
								<line number="107" hits="842" branch="true" condition-coverage="100% (2/2)">
									<conditions>
										<condition number="0" type="jump" coverage="100%"/>
									</conditions>
								</line>
								<line number="108" hits="104" branch="false"/>
								<line number="111" hits="842" branch="true" condition-coverage="100% (2/2)">
									<conditions>
										<condition number="0" type="jump" coverage="100%"/>
									</conditions>
								</line>
								<line number="112" hits="199" branch="false"/>
								<line number="114" hits="643" branch="false"/>
								<line number="117" hits="842" branch="false"/>
								<line number="119" hits="807" branch="false"/>
							</lines>
						</method>
						<method name="buildInputCellProcessorWithConvertNullTo" signature="(Ljava/lang/Class;[Ljava/lang/annotation/Annotation;Lorg/supercsv/cellprocessor/ift/CellProcessor;Lorg/supercsv/ext/annotation/CsvColumn;)Lorg/supercsv/cellprocessor/ift/CellProcessor;" line-rate="1.0" branch-rate="1.0" complexity="0">
							<lines>
								<line number="158" hits="469" branch="true" condition-coverage="100% (2/2)">
									<conditions>
										<condition number="0" type="jump" coverage="100%"/>
									</conditions>
								</line>
								<line number="159" hits="144" branch="false"/>
								<line number="160" hits="123" branch="false"/>
								<line number="163" hits="325" branch="false"/>
							</lines>
						</method>
						<method name="buildOutputCellProcessor" signature="(Ljava/lang/Class;[Ljava/lang/annotation/Annotation;Z)Lorg/supercsv/cellprocessor/ift/CellProcessor;" line-rate="1.0" branch-rate="1.0" complexity="0">
							<lines>
								<line number="60" hits="1316" branch="false"/>
								<line number="62" hits="1316" branch="false"/>
								<line number="64" hits="1316" branch="true" condition-coverage="100% (2/2)">
									<conditions>
										<condition number="0" type="jump" coverage="100%"/>
									</conditions>
								</line>
								<line number="65" hits="204" branch="false"/>
								<line number="68" hits="1316" branch="false"/>
								<line number="70" hits="1316" branch="true" condition-coverage="100% (4/4)">
									<conditions>
										<condition number="0" type="jump" coverage="100%"/>
										<condition number="1" type="jump" coverage="100%"/>
									</conditions>
								</line>
								<line number="71" hits="125" branch="false"/>
								<line number="74" hits="1316" branch="true" condition-coverage="100% (4/4)">
									<conditions>
										<condition number="0" type="jump" coverage="100%"/>
										<condition number="1" type="jump" coverage="100%"/>
									</conditions>
								</line>
								<line number="75" hits="252" branch="false"/>
								<line number="76" hits="126" branch="false"/>
								<line number="79" hits="1316" branch="true" condition-coverage="100% (2/2)">
									<conditions>
										<condition number="0" type="jump" coverage="100%"/>
									</conditions>
								</line>
								<line number="80" hits="300" branch="false"/>
								<line number="82" hits="1016" branch="false"/>
								<line number="85" hits="1316" branch="false"/>
								<line number="87" hits="1316" branch="false"/>
							</lines>
						</method>
						<method name="buildOutputCellProcessorWithConvertNullTo" signature="(Ljava/lang/Class;[Ljava/lang/annotation/Annotation;Lorg/supercsv/cellprocessor/ift/CellProcessor;ZLorg/supercsv/ext/annotation/CsvColumn;)Lorg/supercsv/cellprocessor/ift/CellProcessor;" line-rate="1.0" branch-rate="1.0" complexity="0">
							<lines>
								<line number="137" hits="1234" branch="true" condition-coverage="100% (2/2)">
									<conditions>
										<condition number="0" type="jump" coverage="100%"/>
									</conditions>
								</line>
								<line number="138" hits="266" branch="false"/>
								<line number="139" hits="266" branch="false"/>
								<line number="142" hits="968" branch="false"/>
							</lines>
						</method>
						<method name="getAnnotation" signature="([Ljava/lang/annotation/Annotation;Ljava/lang/Class;)Ljava/util/Optional;" line-rate="1.0" branch-rate="1.0" complexity="0">
							<lines>
								<line number="36" hits="6183" branch="false"/>
								<line number="39" hits="6183" branch="false"/>
							</lines>
						</method>
						<method name="getColumnAnnotation" signature="([Ljava/lang/annotation/Annotation;)Lorg/supercsv/ext/annotation/CsvColumn;" line-rate="1.0" branch-rate="1.0" complexity="0">
							<lines>
								<line number="50" hits="2159" branch="false"/>
							</lines>
						</method>
						<method name="lambda$getAnnotation$0" signature="(Ljava/lang/Class;Ljava/lang/annotation/Annotation;)Z" line-rate="1.0" branch-rate="1.0" complexity="0">
							<lines>
								<line number="37" hits="15022" branch="false"/>
							</lines>
						</method>
						<method name="lambda$getAnnotation$1" signature="(Ljava/lang/Class;Ljava/lang/annotation/Annotation;)Ljava/lang/annotation/Annotation;" line-rate="1.0" branch-rate="1.0" complexity="0">
							<lines>
								<line number="38" hits="10998" branch="false"/>
							</lines>
						</method>
						<method name="lambda$getColumnAnnotation$2" signature="()Lorg/supercsv/ext/exception/SuperCsvInvalidAnnotationException;" line-rate="0.5" branch-rate="1.0" complexity="0">
							<lines>
								<line number="51" hits="2159" branch="false"/>
								<line number="52" hits="0" branch="false"/>
							</lines>
						</method>
						<method name="prependConvertNullToProcessor" signature="(Ljava/lang/Class;[Ljava/lang/annotation/Annotation;Lorg/supercsv/cellprocessor/ift/CellProcessor;Ljava/lang/Object;)Lorg/supercsv/cellprocessor/ift/CellProcessor;" line-rate="1.0" branch-rate="0.5" complexity="0">
							<lines>
								<line number="179" hits="482" branch="true" condition-coverage="50% (1/2)">
									<conditions>
										<condition number="0" type="jump" coverage="50%"/>
									</conditions>
								</line>
							</lines>
						</method>
						<method name="prependEqualsProcessor" signature="(Ljava/lang/Class;[Ljava/lang/annotation/Annotation;Lorg/supercsv/cellprocessor/ift/CellProcessor;Ljava/lang/Object;)Lorg/supercsv/cellprocessor/ift/CellProcessor;" line-rate="1.0" branch-rate="1.0" complexity="0">
							<lines>
								<line number="196" hits="252" branch="true" condition-coverage="100% (2/2)">
									<conditions>
										<condition number="0" type="jump" coverage="100%"/>
									</conditions>
								</line>
							</lines>
						</method>
						<method name="prependNotNullProcessor" signature="(Ljava/lang/Class;[Ljava/lang/annotation/Annotation;Lorg/supercsv/cellprocessor/ift/CellProcessor;)Lorg/supercsv/cellprocessor/ift/CellProcessor;" line-rate="1.0" branch-rate="1.0" complexity="0">
							<lines>
								<line number="236" hits="1659" branch="true" condition-coverage="100% (2/2)">
									<conditions>
										<condition number="0" type="jump" coverage="100%"/>
									</conditions>
								</line>
							</lines>
						</method>
						<method name="prependOptionalProcessor" signature="(Ljava/lang/Class;[Ljava/lang/annotation/Annotation;Lorg/supercsv/cellprocessor/ift/CellProcessor;)Lorg/supercsv/cellprocessor/ift/CellProcessor;" line-rate="1.0" branch-rate="1.0" complexity="0">
							<lines>
								<line number="223" hits="499" branch="true" condition-coverage="100% (2/2)">
									<conditions>
										<condition number="0" type="jump" coverage="100%"/>
									</conditions>
								</line>
							</lines>
						</method>
						<method name="prependTrimProcessor" signature="(Ljava/lang/Class;[Ljava/lang/annotation/Annotation;Lorg/supercsv/cellprocessor/ift/CellProcessor;)Lorg/supercsv/cellprocessor/ift/CellProcessor;" line-rate="1.0" branch-rate="1.0" complexity="0">
							<lines>
								<line number="249" hits="308" branch="true" condition-coverage="100% (2/2)">
									<conditions>
										<condition number="0" type="jump" coverage="100%"/>
									</conditions>
								</line>
							</lines>
						</method>
						<method name="prependUniqueProcessor" signature="(Ljava/lang/Class;[Ljava/lang/annotation/Annotation;Lorg/supercsv/cellprocessor/ift/CellProcessor;)Lorg/supercsv/cellprocessor/ift/CellProcessor;" line-rate="1.0" branch-rate="1.0" complexity="0">
							<lines>
								<line number="210" hits="250" branch="true" condition-coverage="100% (2/2)">
									<conditions>
										<condition number="0" type="jump" coverage="100%"/>
									</conditions>
								</line>
							</lines>
						</method>
					</methods>
					<lines>
						<line number="25" hits="2978" branch="false"/>
						<line number="36" hits="6183" branch="false"/>
						<line number="37" hits="15022" branch="false"/>
						<line number="38" hits="10998" branch="false"/>
						<line number="39" hits="6183" branch="false"/>
						<line number="50" hits="2159" branch="false"/>
						<line number="51" hits="2159" branch="false"/>
						<line number="52" hits="0" branch="false"/>
						<line number="60" hits="1316" branch="false"/>
						<line number="62" hits="1316" branch="false"/>
						<line number="64" hits="1316" branch="true" condition-coverage="100% (2/2)">
							<conditions>
								<condition number="0" type="jump" coverage="100%"/>
							</conditions>
						</line>
						<line number="65" hits="204" branch="false"/>
						<line number="68" hits="1316" branch="false"/>
						<line number="70" hits="1316" branch="true" condition-coverage="100% (4/4)">
							<conditions>
								<condition number="0" type="jump" coverage="100%"/>
								<condition number="1" type="jump" coverage="100%"/>
							</conditions>
						</line>
						<line number="71" hits="125" branch="false"/>
						<line number="74" hits="1316" branch="true" condition-coverage="100% (4/4)">
							<conditions>
								<condition number="0" type="jump" coverage="100%"/>
								<condition number="1" type="jump" coverage="100%"/>
							</conditions>
						</line>
						<line number="75" hits="252" branch="false"/>
						<line number="76" hits="126" branch="false"/>
						<line number="79" hits="1316" branch="true" condition-coverage="100% (2/2)">
							<conditions>
								<condition number="0" type="jump" coverage="100%"/>
							</conditions>
						</line>
						<line number="80" hits="300" branch="false"/>
						<line number="82" hits="1016" branch="false"/>
						<line number="85" hits="1316" branch="false"/>
						<line number="87" hits="1316" branch="false"/>
						<line number="93" hits="843" branch="false"/>
						<line number="95" hits="843" branch="false"/>
						<line number="97" hits="843" branch="false"/>
						<line number="99" hits="842" branch="true" condition-coverage="100% (2/2)">
							<conditions>
								<condition number="0" type="jump" coverage="100%"/>
							</conditions>
						</line>
						<line number="100" hits="125" branch="false"/>
						<line number="103" hits="842" branch="true" condition-coverage="100% (2/2)">
							<conditions>
								<condition number="0" type="jump" coverage="100%"/>
							</conditions>
						</line>
						<line number="104" hits="252" branch="false"/>
						<line number="105" hits="126" branch="false"/>
						<line number="107" hits="842" branch="true" condition-coverage="100% (2/2)">
							<conditions>
								<condition number="0" type="jump" coverage="100%"/>
							</conditions>
						</line>
						<line number="108" hits="104" branch="false"/>
						<line number="111" hits="842" branch="true" condition-coverage="100% (2/2)">
							<conditions>
								<condition number="0" type="jump" coverage="100%"/>
							</conditions>
						</line>
						<line number="112" hits="199" branch="false"/>
						<line number="114" hits="643" branch="false"/>
						<line number="117" hits="842" branch="false"/>
						<line number="119" hits="807" branch="false"/>
						<line number="137" hits="1234" branch="true" condition-coverage="100% (2/2)">
							<conditions>
								<condition number="0" type="jump" coverage="100%"/>
							</conditions>
						</line>
						<line number="138" hits="266" branch="false"/>
						<line number="139" hits="266" branch="false"/>
						<line number="142" hits="968" branch="false"/>
						<line number="158" hits="469" branch="true" condition-coverage="100% (2/2)">
							<conditions>
								<condition number="0" type="jump" coverage="100%"/>
							</conditions>
						</line>
						<line number="159" hits="144" branch="false"/>
						<line number="160" hits="123" branch="false"/>
						<line number="163" hits="325" branch="false"/>
						<line number="179" hits="482" branch="true" condition-coverage="50% (1/2)">
							<conditions>
								<condition number="0" type="jump" coverage="50%"/>
							</conditions>
						</line>
						<line number="196" hits="252" branch="true" condition-coverage="100% (2/2)">
							<conditions>
								<condition number="0" type="jump" coverage="100%"/>
							</conditions>
						</line>
						<line number="210" hits="250" branch="true" condition-coverage="100% (2/2)">
							<conditions>
								<condition number="0" type="jump" coverage="100%"/>
							</conditions>
						</line>
						<line number="223" hits="499" branch="true" condition-coverage="100% (2/2)">
							<conditions>
								<condition number="0" type="jump" coverage="100%"/>
							</conditions>
						</line>
						<line number="236" hits="1659" branch="true" condition-coverage="100% (2/2)">
							<conditions>
								<condition number="0" type="jump" coverage="100%"/>
							</conditions>
						</line>
						<line number="249" hits="308" branch="true" condition-coverage="100% (2/2)">
							<conditions>
								<condition number="0" type="jump" coverage="100%"/>
							</conditions>
						</line>
					</lines>
				</class>
				<class name="org.supercsv.ext.builder.CellProcessorBuilder" filename="org/supercsv/ext/builder/CellProcessorBuilder.java" line-rate="1.0" branch-rate="1.0" complexity="1.0">
					<methods>
					</methods>
					<lines>
					</lines>
				</class>
				<class name="org.supercsv.ext.builder.CellProcessorBuilderContainer" filename="org/supercsv/ext/builder/CellProcessorBuilderContainer.java" line-rate="0.9629629629629629" branch-rate="1.0" complexity="1.5">
					<methods>
						<method name="&lt;init&gt;" signature="()V" line-rate="1.0" branch-rate="1.0" complexity="0">
							<lines>
								<line number="41" hits="31" branch="false"/>
								<line number="42" hits="31" branch="false"/>
								<line number="43" hits="31" branch="false"/>
								<line number="44" hits="31" branch="false"/>
							</lines>
						</method>
						<method name="getBuilder" signature="(Ljava/lang/Class;)Lorg/supercsv/ext/builder/CellProcessorBuilder;" line-rate="1.0" branch-rate="1.0" complexity="0">
							<lines>
								<line number="125" hits="226" branch="false"/>
							</lines>
						</method>
						<method name="init" signature="()V" line-rate="0.9574468085106383" branch-rate="1.0" complexity="0">
							<lines>
								<line number="47" hits="31" branch="false"/>
								<line number="49" hits="31" branch="false"/>
								<line number="51" hits="31" branch="false"/>
								<line number="52" hits="31" branch="false"/>
								<line number="54" hits="31" branch="false"/>
								<line number="55" hits="31" branch="false"/>
								<line number="57" hits="31" branch="false"/>
								<line number="58" hits="31" branch="false"/>
								<line number="59" hits="31" branch="false"/>
								<line number="60" hits="31" branch="false"/>
								<line number="61" hits="31" branch="false"/>
								<line number="62" hits="31" branch="false"/>
								<line number="63" hits="31" branch="false"/>
								<line number="64" hits="31" branch="false"/>
								<line number="65" hits="31" branch="false"/>
								<line number="66" hits="31" branch="false"/>
								<line number="67" hits="31" branch="false"/>
								<line number="68" hits="31" branch="false"/>
								<line number="70" hits="31" branch="false"/>
								<line number="71" hits="31" branch="false"/>
								<line number="73" hits="31" branch="false"/>
								<line number="74" hits="31" branch="false"/>
								<line number="75" hits="31" branch="false"/>
								<line number="76" hits="31" branch="false"/>
								<line number="78" hits="31" branch="false"/>
								<line number="82" hits="31" branch="false"/>
								<line number="84" hits="31" branch="false"/>
								<line number="85" hits="31" branch="false"/>
								<line number="86" hits="31" branch="false"/>
								<line number="88" hits="31" branch="false"/>
								<line number="90" hits="31" branch="false"/>
								<line number="92" hits="31" branch="false"/>
								<line number="93" hits="31" branch="false"/>
								<line number="94" hits="31" branch="false"/>
								<line number="96" hits="0" branch="false"/>
								<line number="98" hits="31" branch="false"/>
								<line number="102" hits="31" branch="false"/>
								<line number="104" hits="31" branch="false"/>
								<line number="105" hits="31" branch="false"/>
								<line number="106" hits="31" branch="false"/>
								<line number="108" hits="31" branch="false"/>
								<line number="109" hits="31" branch="false"/>
								<line number="110" hits="31" branch="false"/>
								<line number="111" hits="31" branch="false"/>
								<line number="113" hits="0" branch="false"/>
								<line number="115" hits="31" branch="false"/>
								<line number="116" hits="31" branch="false"/>
							</lines>
						</method>
						<method name="registerBuilder" signature="(Ljava/lang/Class;Lorg/supercsv/ext/builder/CellProcessorBuilder;)V" line-rate="1.0" branch-rate="1.0" complexity="0">
							<lines>
								<line number="119" hits="1209" branch="false"/>
								<line number="121" hits="1209" branch="false"/>
							</lines>
						</method>
					</methods>
					<lines>
						<line number="41" hits="31" branch="false"/>
						<line number="42" hits="31" branch="false"/>
						<line number="43" hits="31" branch="false"/>
						<line number="44" hits="31" branch="false"/>
						<line number="47" hits="31" branch="false"/>
						<line number="49" hits="31" branch="false"/>
						<line number="51" hits="31" branch="false"/>
						<line number="52" hits="31" branch="false"/>
						<line number="54" hits="31" branch="false"/>
						<line number="55" hits="31" branch="false"/>
						<line number="57" hits="31" branch="false"/>
						<line number="58" hits="31" branch="false"/>
						<line number="59" hits="31" branch="false"/>
						<line number="60" hits="31" branch="false"/>
						<line number="61" hits="31" branch="false"/>
						<line number="62" hits="31" branch="false"/>
						<line number="63" hits="31" branch="false"/>
						<line number="64" hits="31" branch="false"/>
						<line number="65" hits="31" branch="false"/>
						<line number="66" hits="31" branch="false"/>
						<line number="67" hits="31" branch="false"/>
						<line number="68" hits="31" branch="false"/>
						<line number="70" hits="31" branch="false"/>
						<line number="71" hits="31" branch="false"/>
						<line number="73" hits="31" branch="false"/>
						<line number="74" hits="31" branch="false"/>
						<line number="75" hits="31" branch="false"/>
						<line number="76" hits="31" branch="false"/>
						<line number="78" hits="31" branch="false"/>
						<line number="82" hits="31" branch="false"/>
						<line number="84" hits="31" branch="false"/>
						<line number="85" hits="31" branch="false"/>
						<line number="86" hits="31" branch="false"/>
						<line number="88" hits="31" branch="false"/>
						<line number="90" hits="31" branch="false"/>
						<line number="92" hits="31" branch="false"/>
						<line number="93" hits="31" branch="false"/>
						<line number="94" hits="31" branch="false"/>
						<line number="96" hits="0" branch="false"/>
						<line number="98" hits="31" branch="false"/>
						<line number="102" hits="31" branch="false"/>
						<line number="104" hits="31" branch="false"/>
						<line number="105" hits="31" branch="false"/>
						<line number="106" hits="31" branch="false"/>
						<line number="108" hits="31" branch="false"/>
						<line number="109" hits="31" branch="false"/>
						<line number="110" hits="31" branch="false"/>
						<line number="111" hits="31" branch="false"/>
						<line number="113" hits="0" branch="false"/>
						<line number="115" hits="31" branch="false"/>
						<line number="116" hits="31" branch="false"/>
						<line number="119" hits="1209" branch="false"/>
						<line number="121" hits="1209" branch="false"/>
						<line number="125" hits="226" branch="false"/>
					</lines>
				</class>
				<class name="org.supercsv.ext.builder.CellProcessorBuilderFactory" filename="org/supercsv/ext/builder/CellProcessorBuilderFactory.java" line-rate="1.0" branch-rate="1.0" complexity="1.0">
					<methods>
					</methods>
					<lines>
					</lines>
				</class>
				<class name="org.supercsv.ext.builder.CsvAnnotationBeanParser" filename="org/supercsv/ext/builder/CsvAnnotationBeanParser.java" line-rate="0.7894736842105263" branch-rate="0.8055555555555556" complexity="3.6363636363636362">
					<methods>
						<method name="&lt;init&gt;" signature="()V" line-rate="1.0" branch-rate="1.0" complexity="0">
							<lines>
								<line number="33" hits="31" branch="false"/>
								<line number="34" hits="31" branch="false"/>
								<line number="36" hits="31" branch="false"/>
								<line number="44" hits="31" branch="false"/>
							</lines>
						</method>
						<method name="createColumnMapping" signature="(Ljava/lang/reflect/Field;Lorg/supercsv/ext/annotation/CsvColumn;Z)Lorg/supercsv/ext/builder/CsvColumnMapping;" line-rate="0.7" branch-rate="0.7142857142857143" complexity="0">
							<lines>
								<line number="158" hits="197" branch="false"/>
								<line number="160" hits="197" branch="false"/>
								<line number="161" hits="197" branch="false"/>
								<line number="162" hits="197" branch="false"/>
								<line number="164" hits="197" branch="true" condition-coverage="75% (3/4)">
									<conditions>
										<condition number="0" type="jump" coverage="50%"/>
										<condition number="1" type="jump" coverage="100%"/>
									</conditions>
								</line>
								<line number="165" hits="41" branch="false"/>
								<line number="167" hits="156" branch="false"/>
								<line number="170" hits="197" branch="false"/>
								<line number="171" hits="197" branch="true" condition-coverage="100% (2/2)">
									<conditions>
										<condition number="0" type="jump" coverage="100%"/>
									</conditions>
								</line>
								<line number="172" hits="194" branch="false"/>
								<line number="175" hits="194" branch="true" condition-coverage="75% (3/4)">
									<conditions>
										<condition number="0" type="jump" coverage="100%"/>
										<condition number="1" type="jump" coverage="50%"/>
									</conditions>
								</line>
								<line number="176" hits="32" branch="false"/>
								<line number="180" hits="194" branch="true" condition-coverage="50% (1/2)">
									<conditions>
										<condition number="0" type="jump" coverage="50%"/>
									</conditions>
								</line>
								<line number="181" hits="0" branch="false"/>
								<line number="187" hits="3" branch="false"/>
								<line number="188" hits="0" branch="false"/>
								<line number="189" hits="0" branch="false"/>
								<line number="190" hits="0" branch="false"/>
								<line number="191" hits="0" branch="false"/>
								<line number="192" hits="3" branch="false"/>
								<line number="195" hits="197" branch="true" condition-coverage="50% (1/2)">
									<conditions>
										<condition number="0" type="jump" coverage="50%"/>
									</conditions>
								</line>
								<line number="196" hits="394" branch="false"/>
								<line number="197" hits="197" branch="false"/>
								<line number="199" hits="394" branch="false"/>
								<line number="200" hits="197" branch="false"/>
								<line number="204" hits="0" branch="false"/>
								<line number="205" hits="0" branch="false"/>
								<line number="206" hits="0" branch="false"/>
								<line number="207" hits="0" branch="false"/>
								<line number="210" hits="197" branch="false"/>
							</lines>
						</method>
						<method name="getBuilderContainer" signature="()Lorg/supercsv/ext/builder/CellProcessorBuilderContainer;" line-rate="0.0" branch-rate="1.0" complexity="0">
							<lines>
								<line number="219" hits="0" branch="false"/>
							</lines>
						</method>
						<method name="getBuilderFactory" signature="()Lorg/supercsv/ext/builder/CellProcessorBuilderFactory;" line-rate="0.0" branch-rate="1.0" complexity="0">
							<lines>
								<line number="235" hits="0" branch="false"/>
							</lines>
						</method>
						<method name="parse" signature="(Ljava/lang/Class;)Lorg/supercsv/ext/builder/CsvBeanMapping;" line-rate="1.0" branch-rate="1.0" complexity="0">
							<lines>
								<line number="57" hits="18" branch="false"/>
							</lines>
						</method>
						<method name="parse" signature="(Ljava/lang/Class;Z)Lorg/supercsv/ext/builder/CsvBeanMapping;" line-rate="0.8823529411764706" branch-rate="0.75" complexity="0">
							<lines>
								<line number="72" hits="23" branch="true" condition-coverage="50% (1/2)">
									<conditions>
										<condition number="0" type="jump" coverage="50%"/>
									</conditions>
								</line>
								<line number="73" hits="0" branch="false"/>
								<line number="76" hits="23" branch="false"/>
								<line number="79" hits="23" branch="false"/>
								<line number="80" hits="23" branch="true" condition-coverage="50% (1/2)">
									<conditions>
										<condition number="0" type="jump" coverage="50%"/>
									</conditions>
								</line>
								<line number="81" hits="0" branch="false"/>
								<line number="84" hits="23" branch="false"/>
								<line number="87" hits="23" branch="false"/>
								<line number="88" hits="243" branch="true" condition-coverage="100% (2/2)">
									<conditions>
										<condition number="0" type="jump" coverage="100%"/>
									</conditions>
								</line>
								<line number="90" hits="220" branch="false"/>
								<line number="91" hits="220" branch="true" condition-coverage="100% (2/2)">
									<conditions>
										<condition number="0" type="jump" coverage="100%"/>
									</conditions>
								</line>
								<line number="92" hits="23" branch="false"/>
								<line number="95" hits="197" branch="false"/>
								<line number="100" hits="23" branch="false"/>
								<line number="115" hits="23" branch="false"/>
								<line number="116" hits="20" branch="false"/>
								<line number="118" hits="20" branch="false"/>
							</lines>
						</method>
						<method name="setBuilderContainer" signature="(Lorg/supercsv/ext/builder/CellProcessorBuilderContainer;)V" line-rate="0.0" branch-rate="1.0" complexity="0">
							<lines>
								<line number="227" hits="0" branch="false"/>
								<line number="228" hits="0" branch="false"/>
							</lines>
						</method>
						<method name="setBuilderFactory" signature="(Lorg/supercsv/ext/builder/CellProcessorBuilderFactory;)V" line-rate="1.0" branch-rate="1.0" complexity="0">
							<lines>
								<line number="243" hits="3" branch="false"/>
								<line number="244" hits="3" branch="false"/>
							</lines>
						</method>
						<method name="validatePosition" signature="(Ljava/util/List;)V" line-rate="0.9444444444444444" branch-rate="0.9285714285714286" complexity="0">
							<lines>
								<line number="122" hits="23" branch="true" condition-coverage="50% (1/2)">
									<conditions>
										<condition number="0" type="jump" coverage="50%"/>
									</conditions>
								</line>
								<line number="123" hits="0" branch="false"/>
								<line number="127" hits="23" branch="false"/>
								<line number="128" hits="23" branch="false"/>
								<line number="129" hits="23" branch="true" condition-coverage="100% (2/2)">
									<conditions>
										<condition number="0" type="jump" coverage="100%"/>
									</conditions>
								</line>
								<line number="131" hits="197" branch="true" condition-coverage="100% (2/2)">
									<conditions>
										<condition number="0" type="jump" coverage="100%"/>
									</conditions>
								</line>
								<line number="132" hits="1" branch="false"/>
								<line number="134" hits="197" branch="false"/>
								<line number="136" hits="197" branch="false"/>
								<line number="139" hits="23" branch="false"/>
								<line number="140" hits="23" branch="false"/>
								<line number="141" hits="199" branch="true" condition-coverage="100% (2/2)">
									<conditions>
										<condition number="0" type="jump" coverage="100%"/>
									</conditions>
								</line>
								<line number="142" hits="176" branch="true" condition-coverage="100% (2/2)">
									<conditions>
										<condition number="0" type="jump" coverage="100%"/>
									</conditions>
								</line>
								<line number="143" hits="3" branch="false"/>
								<line number="147" hits="23" branch="true" condition-coverage="100% (4/4)">
									<conditions>
										<condition number="0" type="jump" coverage="100%"/>
										<condition number="1" type="jump" coverage="100%"/>
									</conditions>
								</line>
								<line number="148" hits="3" branch="false"/>
								<line number="149" hits="3" branch="false"/>
								<line number="152" hits="20" branch="false"/>
							</lines>
						</method>
					</methods>
					<lines>
						<line number="33" hits="31" branch="false"/>
						<line number="34" hits="31" branch="false"/>
						<line number="36" hits="31" branch="false"/>
						<line number="44" hits="31" branch="false"/>
						<line number="57" hits="18" branch="false"/>
						<line number="72" hits="23" branch="true" condition-coverage="50% (1/2)">
							<conditions>
								<condition number="0" type="jump" coverage="50%"/>
							</conditions>
						</line>
						<line number="73" hits="0" branch="false"/>
						<line number="76" hits="23" branch="false"/>
						<line number="79" hits="23" branch="false"/>
						<line number="80" hits="23" branch="true" condition-coverage="50% (1/2)">
							<conditions>
								<condition number="0" type="jump" coverage="50%"/>
							</conditions>
						</line>
						<line number="81" hits="0" branch="false"/>
						<line number="84" hits="23" branch="false"/>
						<line number="87" hits="23" branch="false"/>
						<line number="88" hits="243" branch="true" condition-coverage="100% (2/2)">
							<conditions>
								<condition number="0" type="jump" coverage="100%"/>
							</conditions>
						</line>
						<line number="90" hits="220" branch="false"/>
						<line number="91" hits="220" branch="true" condition-coverage="100% (2/2)">
							<conditions>
								<condition number="0" type="jump" coverage="100%"/>
							</conditions>
						</line>
						<line number="92" hits="23" branch="false"/>
						<line number="95" hits="197" branch="false"/>
						<line number="100" hits="23" branch="false"/>
						<line number="115" hits="23" branch="false"/>
						<line number="116" hits="20" branch="false"/>
						<line number="118" hits="20" branch="false"/>
						<line number="122" hits="23" branch="true" condition-coverage="50% (1/2)">
							<conditions>
								<condition number="0" type="jump" coverage="50%"/>
							</conditions>
						</line>
						<line number="123" hits="0" branch="false"/>
						<line number="127" hits="23" branch="false"/>
						<line number="128" hits="23" branch="false"/>
						<line number="129" hits="23" branch="true" condition-coverage="100% (2/2)">
							<conditions>
								<condition number="0" type="jump" coverage="100%"/>
							</conditions>
						</line>
						<line number="131" hits="197" branch="true" condition-coverage="100% (2/2)">
							<conditions>
								<condition number="0" type="jump" coverage="100%"/>
							</conditions>
						</line>
						<line number="132" hits="1" branch="false"/>
						<line number="134" hits="197" branch="false"/>
						<line number="136" hits="197" branch="false"/>
						<line number="139" hits="23" branch="false"/>
						<line number="140" hits="23" branch="false"/>
						<line number="141" hits="199" branch="true" condition-coverage="100% (2/2)">
							<conditions>
								<condition number="0" type="jump" coverage="100%"/>
							</conditions>
						</line>
						<line number="142" hits="176" branch="true" condition-coverage="100% (2/2)">
							<conditions>
								<condition number="0" type="jump" coverage="100%"/>
							</conditions>
						</line>
						<line number="143" hits="3" branch="false"/>
						<line number="147" hits="23" branch="true" condition-coverage="100% (4/4)">
							<conditions>
								<condition number="0" type="jump" coverage="100%"/>
								<condition number="1" type="jump" coverage="100%"/>
							</conditions>
						</line>
						<line number="148" hits="3" branch="false"/>
						<line number="149" hits="3" branch="false"/>
						<line number="152" hits="20" branch="false"/>
						<line number="158" hits="197" branch="false"/>
						<line number="160" hits="197" branch="false"/>
						<line number="161" hits="197" branch="false"/>
						<line number="162" hits="197" branch="false"/>
						<line number="164" hits="197" branch="true" condition-coverage="75% (3/4)">
							<conditions>
								<condition number="0" type="jump" coverage="50%"/>
								<condition number="1" type="jump" coverage="100%"/>
							</conditions>
						</line>
						<line number="165" hits="41" branch="false"/>
						<line number="167" hits="156" branch="false"/>
						<line number="170" hits="197" branch="false"/>
						<line number="171" hits="197" branch="true" condition-coverage="100% (2/2)">
							<conditions>
								<condition number="0" type="jump" coverage="100%"/>
							</conditions>
						</line>
						<line number="172" hits="194" branch="false"/>
						<line number="175" hits="194" branch="true" condition-coverage="75% (3/4)">
							<conditions>
								<condition number="0" type="jump" coverage="100%"/>
								<condition number="1" type="jump" coverage="50%"/>
							</conditions>
						</line>
						<line number="176" hits="32" branch="false"/>
						<line number="180" hits="194" branch="true" condition-coverage="50% (1/2)">
							<conditions>
								<condition number="0" type="jump" coverage="50%"/>
							</conditions>
						</line>
						<line number="181" hits="0" branch="false"/>
						<line number="187" hits="3" branch="false"/>
						<line number="188" hits="0" branch="false"/>
						<line number="189" hits="0" branch="false"/>
						<line number="190" hits="0" branch="false"/>
						<line number="191" hits="0" branch="false"/>
						<line number="192" hits="3" branch="false"/>
						<line number="195" hits="197" branch="true" condition-coverage="50% (1/2)">
							<conditions>
								<condition number="0" type="jump" coverage="50%"/>
							</conditions>
						</line>
						<line number="196" hits="394" branch="false"/>
						<line number="197" hits="197" branch="false"/>
						<line number="199" hits="394" branch="false"/>
						<line number="200" hits="197" branch="false"/>
						<line number="204" hits="0" branch="false"/>
						<line number="205" hits="0" branch="false"/>
						<line number="206" hits="0" branch="false"/>
						<line number="207" hits="0" branch="false"/>
						<line number="210" hits="197" branch="false"/>
						<line number="219" hits="0" branch="false"/>
						<line number="227" hits="0" branch="false"/>
						<line number="228" hits="0" branch="false"/>
						<line number="235" hits="0" branch="false"/>
						<line number="243" hits="3" branch="false"/>
						<line number="244" hits="3" branch="false"/>
					</lines>
				</class>
				<class name="org.supercsv.ext.builder.CsvAnnotationBeanParser$1" filename="org/supercsv/ext/builder/CsvAnnotationBeanParser.java" line-rate="0.5" branch-rate="1.0" complexity="3.6363636363636362">
					<methods>
						<method name="&lt;init&gt;" signature="(Lorg/supercsv/ext/builder/CsvAnnotationBeanParser;)V" line-rate="1.0" branch-rate="1.0" complexity="0">
							<lines>
								<line number="36" hits="31" branch="false"/>
							</lines>
						</method>
						<method name="create" signature="(Ljava/lang/Class;)Lorg/supercsv/ext/builder/CellProcessorBuilder;" line-rate="0.0" branch-rate="1.0" complexity="0">
							<lines>
								<line number="40" hits="0" branch="false"/>
							</lines>
						</method>
					</methods>
					<lines>
						<line number="36" hits="31" branch="false"/>
						<line number="40" hits="0" branch="false"/>
					</lines>
				</class>
				<class name="org.supercsv.ext.builder.CsvAnnotationBeanParser$2" filename="org/supercsv/ext/builder/CsvAnnotationBeanParser.java" line-rate="1.0" branch-rate="1.0" complexity="3.6363636363636362">
					<methods>
						<method name="&lt;init&gt;" signature="(Lorg/supercsv/ext/builder/CsvAnnotationBeanParser;)V" line-rate="1.0" branch-rate="1.0" complexity="0">
							<lines>
							</lines>
						</method>
						<method name="compare" signature="(Ljava/lang/Object;Ljava/lang/Object;)I" line-rate="1.0" branch-rate="1.0" complexity="0">
							<lines>
								<line number="100" hits="201" branch="false"/>
							</lines>
						</method>
						<method name="compare" signature="(Lorg/supercsv/ext/builder/CsvColumnMapping;Lorg/supercsv/ext/builder/CsvColumnMapping;)I" line-rate="1.0" branch-rate="1.0" complexity="0">
							<lines>
								<line number="104" hits="178" branch="true" condition-coverage="100% (2/2)">
									<conditions>
										<condition number="0" type="jump" coverage="100%"/>
									</conditions>
								</line>
								<line number="105" hits="173" branch="false"/>
								<line number="106" hits="5" branch="true" condition-coverage="100% (2/2)">
									<conditions>
										<condition number="0" type="jump" coverage="100%"/>
									</conditions>
								</line>
								<line number="107" hits="1" branch="false"/>
								<line number="109" hits="4" branch="false"/>
							</lines>
						</method>
					</methods>
					<lines>
						<line number="100" hits="201" branch="false"/>
						<line number="104" hits="178" branch="true" condition-coverage="100% (2/2)">
							<conditions>
								<condition number="0" type="jump" coverage="100%"/>
							</conditions>
						</line>
						<line number="105" hits="173" branch="false"/>
						<line number="106" hits="5" branch="true" condition-coverage="100% (2/2)">
							<conditions>
								<condition number="0" type="jump" coverage="100%"/>
							</conditions>
						</line>
						<line number="107" hits="1" branch="false"/>
						<line number="109" hits="4" branch="false"/>
					</lines>
				</class>
				<class name="org.supercsv.ext.builder.CsvBeanMapping" filename="org/supercsv/ext/builder/CsvBeanMapping.java" line-rate="0.9666666666666667" branch-rate="1.0" complexity="1.4">
					<methods>
						<method name="&lt;init&gt;" signature="(Ljava/lang/Class;)V" line-rate="1.0" branch-rate="1.0" complexity="0">
							<lines>
								<line number="27" hits="23" branch="false"/>
								<line number="28" hits="23" branch="false"/>
								<line number="29" hits="23" branch="false"/>
							</lines>
						</method>
						<method name="getColumns" signature="()Ljava/util/List;" line-rate="0.0" branch-rate="1.0" complexity="0">
							<lines>
								<line number="88" hits="0" branch="false"/>
							</lines>
						</method>
						<method name="getHeader" signature="()[Ljava/lang/String;" line-rate="1.0" branch-rate="1.0" complexity="0">
							<lines>
								<line number="37" hits="18" branch="false"/>
								<line number="38" hits="18" branch="true" condition-coverage="100% (2/2)">
									<conditions>
										<condition number="0" type="jump" coverage="100%"/>
									</conditions>
								</line>
								<line number="39" hits="182" branch="false"/>
								<line number="40" hits="182" branch="false"/>
								<line number="41" hits="18" branch="false"/>
							</lines>
						</method>
						<method name="getInputCellProcessor" signature="()[Lorg/supercsv/cellprocessor/ift/CellProcessor;" line-rate="1.0" branch-rate="1.0" complexity="0">
							<lines>
								<line number="63" hits="20" branch="false"/>
								<line number="64" hits="20" branch="true" condition-coverage="100% (2/2)">
									<conditions>
										<condition number="0" type="jump" coverage="100%"/>
									</conditions>
								</line>
								<line number="65" hits="196" branch="false"/>
								<line number="66" hits="196" branch="false"/>
								<line number="67" hits="20" branch="false"/>
							</lines>
						</method>
						<method name="getNameMapping" signature="()[Ljava/lang/String;" line-rate="1.0" branch-rate="1.0" complexity="0">
							<lines>
								<line number="50" hits="20" branch="false"/>
								<line number="51" hits="20" branch="true" condition-coverage="100% (2/2)">
									<conditions>
										<condition number="0" type="jump" coverage="100%"/>
									</conditions>
								</line>
								<line number="52" hits="204" branch="false"/>
								<line number="53" hits="204" branch="false"/>
								<line number="54" hits="20" branch="false"/>
							</lines>
						</method>
						<method name="getOutputCellProcessor" signature="()[Lorg/supercsv/cellprocessor/ift/CellProcessor;" line-rate="1.0" branch-rate="1.0" complexity="0">
							<lines>
								<line number="76" hits="19" branch="false"/>
								<line number="77" hits="19" branch="true" condition-coverage="100% (2/2)">
									<conditions>
										<condition number="0" type="jump" coverage="100%"/>
									</conditions>
								</line>
								<line number="78" hits="193" branch="false"/>
								<line number="79" hits="193" branch="false"/>
								<line number="80" hits="19" branch="false"/>
							</lines>
						</method>
						<method name="getType" signature="()Ljava/lang/Class;" line-rate="1.0" branch-rate="1.0" complexity="0">
							<lines>
								<line number="104" hits="17" branch="false"/>
							</lines>
						</method>
						<method name="isHeader" signature="()Z" line-rate="1.0" branch-rate="1.0" complexity="0">
							<lines>
								<line number="108" hits="38" branch="false"/>
							</lines>
						</method>
						<method name="setColumns" signature="(Ljava/util/List;)V" line-rate="1.0" branch-rate="1.0" complexity="0">
							<lines>
								<line number="96" hits="20" branch="false"/>
								<line number="97" hits="20" branch="false"/>
							</lines>
						</method>
						<method name="setHeader" signature="(Z)V" line-rate="1.0" branch-rate="1.0" complexity="0">
							<lines>
								<line number="112" hits="23" branch="false"/>
								<line number="113" hits="23" branch="false"/>
							</lines>
						</method>
					</methods>
					<lines>
						<line number="27" hits="23" branch="false"/>
						<line number="28" hits="23" branch="false"/>
						<line number="29" hits="23" branch="false"/>
						<line number="37" hits="18" branch="false"/>
						<line number="38" hits="18" branch="true" condition-coverage="100% (2/2)">
							<conditions>
								<condition number="0" type="jump" coverage="100%"/>
							</conditions>
						</line>
						<line number="39" hits="182" branch="false"/>
						<line number="40" hits="182" branch="false"/>
						<line number="41" hits="18" branch="false"/>
						<line number="50" hits="20" branch="false"/>
						<line number="51" hits="20" branch="true" condition-coverage="100% (2/2)">
							<conditions>
								<condition number="0" type="jump" coverage="100%"/>
							</conditions>
						</line>
						<line number="52" hits="204" branch="false"/>
						<line number="53" hits="204" branch="false"/>
						<line number="54" hits="20" branch="false"/>
						<line number="63" hits="20" branch="false"/>
						<line number="64" hits="20" branch="true" condition-coverage="100% (2/2)">
							<conditions>
								<condition number="0" type="jump" coverage="100%"/>
							</conditions>
						</line>
						<line number="65" hits="196" branch="false"/>
						<line number="66" hits="196" branch="false"/>
						<line number="67" hits="20" branch="false"/>
						<line number="76" hits="19" branch="false"/>
						<line number="77" hits="19" branch="true" condition-coverage="100% (2/2)">
							<conditions>
								<condition number="0" type="jump" coverage="100%"/>
							</conditions>
						</line>
						<line number="78" hits="193" branch="false"/>
						<line number="79" hits="193" branch="false"/>
						<line number="80" hits="19" branch="false"/>
						<line number="88" hits="0" branch="false"/>
						<line number="96" hits="20" branch="false"/>
						<line number="97" hits="20" branch="false"/>
						<line number="104" hits="17" branch="false"/>
						<line number="108" hits="38" branch="false"/>
						<line number="112" hits="23" branch="false"/>
						<line number="113" hits="23" branch="false"/>
					</lines>
				</class>
				<class name="org.supercsv.ext.builder.CsvColumnMapping" filename="org/supercsv/ext/builder/CsvColumnMapping.java" line-rate="0.9473684210526315" branch-rate="1.0" complexity="1.0">
					<methods>
						<method name="&lt;init&gt;" signature="()V" line-rate="1.0" branch-rate="1.0" complexity="0">
							<lines>
								<line number="12" hits="197" branch="false"/>
							</lines>
						</method>
						<method name="getColumnName" signature="()Ljava/lang/String;" line-rate="1.0" branch-rate="1.0" complexity="0">
							<lines>
								<line number="47" hits="206" branch="false"/>
							</lines>
						</method>
						<method name="getColumnType" signature="()Ljava/lang/Class;" line-rate="0.0" branch-rate="1.0" complexity="0">
							<lines>
								<line number="31" hits="0" branch="false"/>
							</lines>
						</method>
						<method name="getInputCellProcessor" signature="()Lorg/supercsv/cellprocessor/ift/CellProcessor;" line-rate="1.0" branch-rate="1.0" complexity="0">
							<lines>
								<line number="111" hits="196" branch="false"/>
							</lines>
						</method>
						<method name="getLabel" signature="()Ljava/lang/String;" line-rate="1.0" branch-rate="1.0" complexity="0">
							<lines>
								<line number="79" hits="182" branch="false"/>
							</lines>
						</method>
						<method name="getOutputCellProcessor" signature="()Lorg/supercsv/cellprocessor/ift/CellProcessor;" line-rate="1.0" branch-rate="1.0" complexity="0">
							<lines>
								<line number="95" hits="193" branch="false"/>
							</lines>
						</method>
						<method name="getPosition" signature="()I" line-rate="1.0" branch-rate="1.0" complexity="0">
							<lines>
								<line number="63" hits="784" branch="false"/>
							</lines>
						</method>
						<method name="setColumnName" signature="(Ljava/lang/String;)V" line-rate="1.0" branch-rate="1.0" complexity="0">
							<lines>
								<line number="55" hits="197" branch="false"/>
								<line number="56" hits="197" branch="false"/>
							</lines>
						</method>
						<method name="setColumnType" signature="(Ljava/lang/Class;)V" line-rate="1.0" branch-rate="1.0" complexity="0">
							<lines>
								<line number="39" hits="197" branch="false"/>
								<line number="40" hits="197" branch="false"/>
							</lines>
						</method>
						<method name="setInputCellProcessor" signature="(Lorg/supercsv/cellprocessor/ift/CellProcessor;)V" line-rate="1.0" branch-rate="1.0" complexity="0">
							<lines>
								<line number="119" hits="197" branch="false"/>
								<line number="120" hits="197" branch="false"/>
							</lines>
						</method>
						<method name="setLabel" signature="(Ljava/lang/String;)V" line-rate="1.0" branch-rate="1.0" complexity="0">
							<lines>
								<line number="87" hits="197" branch="false"/>
								<line number="88" hits="197" branch="false"/>
							</lines>
						</method>
						<method name="setOutputCellProcessor" signature="(Lorg/supercsv/cellprocessor/ift/CellProcessor;)V" line-rate="1.0" branch-rate="1.0" complexity="0">
							<lines>
								<line number="103" hits="197" branch="false"/>
								<line number="104" hits="197" branch="false"/>
							</lines>
						</method>
						<method name="setPosition" signature="(I)V" line-rate="1.0" branch-rate="1.0" complexity="0">
							<lines>
								<line number="71" hits="197" branch="false"/>
								<line number="72" hits="197" branch="false"/>
							</lines>
						</method>
					</methods>
					<lines>
						<line number="12" hits="197" branch="false"/>
						<line number="31" hits="0" branch="false"/>
						<line number="39" hits="197" branch="false"/>
						<line number="40" hits="197" branch="false"/>
						<line number="47" hits="206" branch="false"/>
						<line number="55" hits="197" branch="false"/>
						<line number="56" hits="197" branch="false"/>
						<line number="63" hits="784" branch="false"/>
						<line number="71" hits="197" branch="false"/>
						<line number="72" hits="197" branch="false"/>
						<line number="79" hits="182" branch="false"/>
						<line number="87" hits="197" branch="false"/>
						<line number="88" hits="197" branch="false"/>
						<line number="95" hits="193" branch="false"/>
						<line number="103" hits="197" branch="false"/>
						<line number="104" hits="197" branch="false"/>
						<line number="111" hits="196" branch="false"/>
						<line number="119" hits="197" branch="false"/>
						<line number="120" hits="197" branch="false"/>
					</lines>
				</class>
				<class name="org.supercsv.ext.builder.DefaultCellProcessorBuilder" filename="org/supercsv/ext/builder/DefaultCellProcessorBuilder.java" line-rate="0.0" branch-rate="1.0" complexity="1.0">
					<methods>
						<method name="&lt;clinit&gt;" signature="()V" line-rate="0.0" branch-rate="1.0" complexity="0">
							<lines>
								<line number="19" hits="0" branch="false"/>
							</lines>
						</method>
						<method name="&lt;init&gt;" signature="()V" line-rate="0.0" branch-rate="1.0" complexity="0">
							<lines>
								<line number="17" hits="0" branch="false"/>
							</lines>
						</method>
						<method name="buildInputCellProcessor" signature="(Ljava/lang/Class;[Ljava/lang/annotation/Annotation;Lorg/supercsv/cellprocessor/ift/CellProcessor;)Lorg/supercsv/cellprocessor/ift/CellProcessor;" line-rate="0.0" branch-rate="1.0" complexity="0">
							<lines>
								<line number="30" hits="0" branch="false"/>
							</lines>
						</method>
						<method name="buildOutputCellProcessor" signature="(Ljava/lang/Class;[Ljava/lang/annotation/Annotation;Lorg/supercsv/cellprocessor/ift/CellProcessor;Z)Lorg/supercsv/cellprocessor/ift/CellProcessor;" line-rate="0.0" branch-rate="1.0" complexity="0">
							<lines>
								<line number="24" hits="0" branch="false"/>
							</lines>
						</method>
						<method name="parseValue" signature="(Ljava/lang/Class;[Ljava/lang/annotation/Annotation;Ljava/lang/String;)Ljava/util/Optional;" line-rate="0.0" branch-rate="1.0" complexity="0">
							<lines>
								<line number="38" hits="0" branch="false"/>
							</lines>
						</method>
					</methods>
					<lines>
						<line number="17" hits="0" branch="false"/>
						<line number="19" hits="0" branch="false"/>
						<line number="24" hits="0" branch="false"/>
						<line number="30" hits="0" branch="false"/>
						<line number="38" hits="0" branch="false"/>
					</lines>
				</class>
				<class name="org.supercsv.ext.builder.SpringCellProcessorBuilderFacatory" filename="org/supercsv/ext/builder/SpringCellProcessorBuilderFacatory.java" line-rate="0.6666666666666666" branch-rate="0.5" complexity="1.3333333333333333">
					<methods>
						<method name="&lt;init&gt;" signature="()V" line-rate="1.0" branch-rate="1.0" complexity="0">
							<lines>
								<line number="19" hits="1" branch="false"/>
							</lines>
						</method>
						<method name="afterPropertiesSet" signature="()V" line-rate="1.0" branch-rate="0.5" complexity="0">
							<lines>
								<line number="35" hits="1" branch="true" condition-coverage="50% (2/4)">
									<conditions>
										<condition number="0" type="jump" coverage="50%"/>
										<condition number="1" type="jump" coverage="50%"/>
									</conditions>
								</line>
								<line number="36" hits="1" branch="false"/>
								<line number="39" hits="1" branch="false"/>
							</lines>
						</method>
						<method name="create" signature="(Ljava/lang/Class;)Lorg/supercsv/ext/builder/CellProcessorBuilder;" line-rate="1.0" branch-rate="1.0" complexity="0">
							<lines>
								<line number="28" hits="3" branch="false"/>
								<line number="29" hits="3" branch="false"/>
							</lines>
						</method>
						<method name="getApplicationContext" signature="()Lorg/springframework/context/ApplicationContext;" line-rate="0.0" branch-rate="1.0" complexity="0">
							<lines>
								<line number="55" hits="0" branch="false"/>
							</lines>
						</method>
						<method name="getBeanFactory" signature="()Lorg/springframework/beans/factory/config/AutowireCapableBeanFactory;" line-rate="0.0" branch-rate="1.0" complexity="0">
							<lines>
								<line number="47" hits="0" branch="false"/>
							</lines>
						</method>
						<method name="setApplicationContext" signature="(Lorg/springframework/context/ApplicationContext;)V" line-rate="1.0" branch-rate="1.0" complexity="0">
							<lines>
								<line number="43" hits="1" branch="false"/>
								<line number="44" hits="1" branch="false"/>
							</lines>
						</method>
						<method name="setBeanFactory" signature="(Lorg/springframework/beans/factory/config/AutowireCapableBeanFactory;)V" line-rate="0.0" branch-rate="1.0" complexity="0">
							<lines>
								<line number="51" hits="0" branch="false"/>
								<line number="52" hits="0" branch="false"/>
							</lines>
						</method>
					</methods>
					<lines>
						<line number="19" hits="1" branch="false"/>
						<line number="28" hits="3" branch="false"/>
						<line number="29" hits="3" branch="false"/>
						<line number="35" hits="1" branch="true" condition-coverage="50% (2/4)">
							<conditions>
								<condition number="0" type="jump" coverage="50%"/>
								<condition number="1" type="jump" coverage="50%"/>
							</conditions>
						</line>
						<line number="36" hits="1" branch="false"/>
						<line number="39" hits="1" branch="false"/>
						<line number="43" hits="1" branch="false"/>
						<line number="44" hits="1" branch="false"/>
						<line number="47" hits="0" branch="false"/>
						<line number="51" hits="0" branch="false"/>
						<line number="52" hits="0" branch="false"/>
						<line number="55" hits="0" branch="false"/>
					</lines>
				</class>
			</classes>
		</package>
		<package name="org.supercsv.ext.builder.impl" line-rate="0.971830985915493" branch-rate="0.9365079365079365" complexity="3.25">
			<classes>
				<class name="org.supercsv.ext.builder.impl.AbstractDateCellProcessorBuilder" filename="org/supercsv/ext/builder/impl/AbstractDateCellProcessorBuilder.java" line-rate="0.9814814814814815" branch-rate="0.9583333333333334" complexity="0.0">
					<methods>
						<method name="&lt;init&gt;" signature="()V" line-rate="1.0" branch-rate="1.0" complexity="0">
							<lines>
								<line number="30" hits="356" branch="false"/>
							</lines>
						</method>
						<method name="createDateFormatter" signature="(Ljava/util/Optional;)Ljava/text/DateFormat;" line-rate="1.0" branch-rate="1.0" complexity="0">
							<lines>
								<line number="182" hits="654" branch="false"/>
								<line number="183" hits="654" branch="false"/>
								<line number="184" hits="654" branch="false"/>
								<line number="185" hits="654" branch="false"/>
								<line number="187" hits="654" branch="false"/>
								<line number="188" hits="654" branch="false"/>
								<line number="189" hits="654" branch="false"/>
								<line number="191" hits="654" branch="false"/>
							</lines>
						</method>
						<method name="getDateConverterAnnotation" signature="([Ljava/lang/annotation/Annotation;)Ljava/util/Optional;" line-rate="1.0" branch-rate="1.0" complexity="0">
							<lines>
								<line number="39" hits="654" branch="false"/>
							</lines>
						</method>
						<method name="getLenient" signature="(Ljava/util/Optional;)Z" line-rate="1.0" branch-rate="1.0" complexity="0">
							<lines>
								<line number="63" hits="654" branch="false"/>
							</lines>
						</method>
						<method name="getLocale" signature="(Ljava/util/Optional;)Ljava/util/Locale;" line-rate="1.0" branch-rate="1.0" complexity="0">
							<lines>
								<line number="75" hits="654" branch="false"/>
							</lines>
						</method>
						<method name="getMax" signature="(Ljava/util/Optional;)Ljava/util/Optional;" line-rate="1.0" branch-rate="1.0" complexity="0">
							<lines>
							</lines>
						</method>
						<method name="getMin" signature="(Ljava/util/Optional;)Ljava/util/Optional;" line-rate="1.0" branch-rate="1.0" complexity="0">
							<lines>
							</lines>
						</method>
						<method name="getPattern" signature="(Ljava/util/Optional;)Ljava/lang/String;" line-rate="1.0" branch-rate="1.0" complexity="0">
							<lines>
								<line number="52" hits="786" branch="false"/>
							</lines>
						</method>
						<method name="getTimeZone" signature="(Ljava/util/Optional;)Ljava/util/TimeZone;" line-rate="1.0" branch-rate="1.0" complexity="0">
							<lines>
								<line number="87" hits="654" branch="false"/>
							</lines>
						</method>
						<method name="lambda$getLenient$46" signature="(Lorg/supercsv/ext/annotation/CsvDateConverter;)Ljava/lang/Boolean;" line-rate="1.0" branch-rate="1.0" complexity="0">
							<lines>
								<line number="62" hits="1089" branch="false"/>
							</lines>
						</method>
						<method name="lambda$getLocale$47" signature="(Lorg/supercsv/ext/annotation/CsvDateConverter;)Ljava/util/Locale;" line-rate="1.0" branch-rate="1.0" complexity="0">
							<lines>
								<line number="74" hits="1089" branch="false"/>
							</lines>
						</method>
						<method name="lambda$getMax$53" signature="(Lorg/supercsv/ext/annotation/CsvDateConverter;)Ljava/lang/String;" line-rate="1.0" branch-rate="1.0" complexity="0">
							<lines>
								<line number="109" hits="476" branch="false"/>
							</lines>
						</method>
						<method name="lambda$getMax$54" signature="(Ljava/lang/String;)Z" line-rate="1.0" branch-rate="1.0" complexity="0">
							<lines>
								<line number="110" hits="476" branch="true" condition-coverage="100% (2/2)">
									<conditions>
										<condition number="0" type="jump" coverage="100%"/>
									</conditions>
								</line>
							</lines>
						</method>
						<method name="lambda$getMin$51" signature="(Lorg/supercsv/ext/annotation/CsvDateConverter;)Ljava/lang/String;" line-rate="1.0" branch-rate="1.0" complexity="0">
							<lines>
								<line number="97" hits="476" branch="false"/>
							</lines>
						</method>
						<method name="lambda$getMin$52" signature="(Ljava/lang/String;)Z" line-rate="1.0" branch-rate="1.0" complexity="0">
							<lines>
								<line number="98" hits="476" branch="true" condition-coverage="100% (2/2)">
									<conditions>
										<condition number="0" type="jump" coverage="100%"/>
									</conditions>
								</line>
							</lines>
						</method>
						<method name="lambda$getPattern$44" signature="(Lorg/supercsv/ext/annotation/CsvDateConverter;)Ljava/lang/String;" line-rate="1.0" branch-rate="1.0" complexity="0">
							<lines>
								<line number="50" hits="1337" branch="false"/>
							</lines>
						</method>
						<method name="lambda$getPattern$45" signature="(Ljava/lang/String;)Z" line-rate="1.0" branch-rate="1.0" complexity="0">
							<lines>
								<line number="51" hits="1337" branch="true" condition-coverage="100% (2/2)">
									<conditions>
										<condition number="0" type="jump" coverage="100%"/>
									</conditions>
								</line>
							</lines>
						</method>
						<method name="lambda$getTimeZone$48" signature="(Lorg/supercsv/ext/annotation/CsvDateConverter;)Ljava/lang/String;" line-rate="1.0" branch-rate="1.0" complexity="0">
							<lines>
								<line number="84" hits="1089" branch="false"/>
							</lines>
						</method>
						<method name="lambda$getTimeZone$49" signature="(Ljava/lang/String;)Z" line-rate="1.0" branch-rate="1.0" complexity="0">
							<lines>
								<line number="85" hits="1089" branch="true" condition-coverage="100% (2/2)">
									<conditions>
										<condition number="0" type="jump" coverage="100%"/>
									</conditions>
								</line>
							</lines>
						</method>
						<method name="lambda$getTimeZone$50" signature="(Ljava/lang/String;)Ljava/util/TimeZone;" line-rate="1.0" branch-rate="1.0" complexity="0">
							<lines>
								<line number="86" hits="670" branch="false"/>
							</lines>
						</method>
						<method name="parseDate" signature="([Ljava/lang/annotation/Annotation;Ljava/lang/String;)Ljava/util/Optional;" line-rate="0.8888888888888888" branch-rate="0.5" complexity="0">
							<lines>
								<line number="203" hits="132" branch="true" condition-coverage="50% (1/2)">
									<conditions>
										<condition number="0" type="jump" coverage="50%"/>
									</conditions>
								</line>
								<line number="204" hits="0" branch="false"/>
								<line number="207" hits="132" branch="false"/>
								<line number="208" hits="132" branch="false"/>
								<line number="209" hits="132" branch="false"/>
								<line number="212" hits="132" branch="false"/>
								<line number="213" hits="4" branch="false"/>
								<line number="214" hits="4" branch="false"/>
								<line number="215" hits="4" branch="false"/>
							</lines>
						</method>
						<method name="prependRangeProcessor" signature="(Ljava/lang/Class;[Ljava/lang/annotation/Annotation;Lorg/supercsv/cellprocessor/ift/CellProcessor;Ljava/util/Optional;Ljava/util/Optional;)Lorg/supercsv/cellprocessor/ift/CellProcessor;" line-rate="1.0" branch-rate="1.0" complexity="0">
							<lines>
								<line number="126" hits="226" branch="false"/>
								<line number="128" hits="226" branch="true" condition-coverage="100% (4/4)">
									<conditions>
										<condition number="0" type="jump" coverage="100%"/>
										<condition number="1" type="jump" coverage="100%"/>
									</conditions>
								</line>
								<line number="131" hits="16" branch="true" condition-coverage="100% (2/2)">
									<conditions>
										<condition number="0" type="jump" coverage="100%"/>
									</conditions>
								</line>
								<line number="132" hits="8" branch="false"/>
								<line number="134" hits="8" branch="false"/>
								<line number="137" hits="16" branch="false"/>
								<line number="138" hits="16" branch="false"/>
								<line number="140" hits="210" branch="true" condition-coverage="100% (2/2)">
									<conditions>
										<condition number="0" type="jump" coverage="100%"/>
									</conditions>
								</line>
								<line number="143" hits="16" branch="true" condition-coverage="100% (2/2)">
									<conditions>
										<condition number="0" type="jump" coverage="100%"/>
									</conditions>
								</line>
								<line number="144" hits="8" branch="false"/>
								<line number="146" hits="8" branch="false"/>
								<line number="149" hits="16" branch="false"/>
								<line number="150" hits="16" branch="false"/>
								<line number="152" hits="194" branch="true" condition-coverage="100% (2/2)">
									<conditions>
										<condition number="0" type="jump" coverage="100%"/>
									</conditions>
								</line>
								<line number="155" hits="16" branch="true" condition-coverage="100% (2/2)">
									<conditions>
										<condition number="0" type="jump" coverage="100%"/>
									</conditions>
								</line>
								<line number="156" hits="8" branch="false"/>
								<line number="158" hits="8" branch="false"/>
								<line number="161" hits="16" branch="false"/>
								<line number="162" hits="16" branch="false"/>
								<line number="165" hits="178" branch="false"/>
							</lines>
						</method>
					</methods>
					<lines>
						<line number="30" hits="356" branch="false"/>
						<line number="39" hits="654" branch="false"/>
						<line number="50" hits="1337" branch="false"/>
						<line number="51" hits="1337" branch="true" condition-coverage="100% (2/2)">
							<conditions>
								<condition number="0" type="jump" coverage="100%"/>
							</conditions>
						</line>
						<line number="52" hits="786" branch="false"/>
						<line number="62" hits="1089" branch="false"/>
						<line number="63" hits="654" branch="false"/>
						<line number="74" hits="1089" branch="false"/>
						<line number="75" hits="654" branch="false"/>
						<line number="84" hits="1089" branch="false"/>
						<line number="85" hits="1089" branch="true" condition-coverage="100% (2/2)">
							<conditions>
								<condition number="0" type="jump" coverage="100%"/>
							</conditions>
						</line>
						<line number="86" hits="670" branch="false"/>
						<line number="87" hits="654" branch="false"/>
						<line number="97" hits="476" branch="false"/>
						<line number="98" hits="476" branch="true" condition-coverage="100% (2/2)">
							<conditions>
								<condition number="0" type="jump" coverage="100%"/>
							</conditions>
						</line>
						<line number="109" hits="476" branch="false"/>
						<line number="110" hits="476" branch="true" condition-coverage="100% (2/2)">
							<conditions>
								<condition number="0" type="jump" coverage="100%"/>
							</conditions>
						</line>
						<line number="126" hits="226" branch="false"/>
						<line number="128" hits="226" branch="true" condition-coverage="100% (4/4)">
							<conditions>
								<condition number="0" type="jump" coverage="100%"/>
								<condition number="1" type="jump" coverage="100%"/>
							</conditions>
						</line>
						<line number="131" hits="16" branch="true" condition-coverage="100% (2/2)">
							<conditions>
								<condition number="0" type="jump" coverage="100%"/>
							</conditions>
						</line>
						<line number="132" hits="8" branch="false"/>
						<line number="134" hits="8" branch="false"/>
						<line number="137" hits="16" branch="false"/>
						<line number="138" hits="16" branch="false"/>
						<line number="140" hits="210" branch="true" condition-coverage="100% (2/2)">
							<conditions>
								<condition number="0" type="jump" coverage="100%"/>
							</conditions>
						</line>
						<line number="143" hits="16" branch="true" condition-coverage="100% (2/2)">
							<conditions>
								<condition number="0" type="jump" coverage="100%"/>
							</conditions>
						</line>
						<line number="144" hits="8" branch="false"/>
						<line number="146" hits="8" branch="false"/>
						<line number="149" hits="16" branch="false"/>
						<line number="150" hits="16" branch="false"/>
						<line number="152" hits="194" branch="true" condition-coverage="100% (2/2)">
							<conditions>
								<condition number="0" type="jump" coverage="100%"/>
							</conditions>
						</line>
						<line number="155" hits="16" branch="true" condition-coverage="100% (2/2)">
							<conditions>
								<condition number="0" type="jump" coverage="100%"/>
							</conditions>
						</line>
						<line number="156" hits="8" branch="false"/>
						<line number="158" hits="8" branch="false"/>
						<line number="161" hits="16" branch="false"/>
						<line number="162" hits="16" branch="false"/>
						<line number="165" hits="178" branch="false"/>
						<line number="182" hits="654" branch="false"/>
						<line number="183" hits="654" branch="false"/>
						<line number="184" hits="654" branch="false"/>
						<line number="185" hits="654" branch="false"/>
						<line number="187" hits="654" branch="false"/>
						<line number="188" hits="654" branch="false"/>
						<line number="189" hits="654" branch="false"/>
						<line number="191" hits="654" branch="false"/>
						<line number="203" hits="132" branch="true" condition-coverage="50% (1/2)">
							<conditions>
								<condition number="0" type="jump" coverage="50%"/>
							</conditions>
						</line>
						<line number="204" hits="0" branch="false"/>
						<line number="207" hits="132" branch="false"/>
						<line number="208" hits="132" branch="false"/>
						<line number="209" hits="132" branch="false"/>
						<line number="212" hits="132" branch="false"/>
						<line number="213" hits="4" branch="false"/>
						<line number="214" hits="4" branch="false"/>
						<line number="215" hits="4" branch="false"/>
					</lines>
				</class>
				<class name="org.supercsv.ext.builder.impl.AbstractNumberCellProcessorBuilder" filename="org/supercsv/ext/builder/impl/AbstractNumberCellProcessorBuilder.java" line-rate="1.0" branch-rate="1.0" complexity="0.0">
					<methods>
						<method name="&lt;init&gt;" signature="()V" line-rate="1.0" branch-rate="1.0" complexity="0">
							<lines>
								<line number="30" hits="1246" branch="false"/>
							</lines>
						</method>
						<method name="createNumberFormatter" signature="(Ljava/util/Optional;)Ljava/util/Optional;" line-rate="1.0" branch-rate="1.0" complexity="0">
							<lines>
								<line number="183" hits="2039" branch="false"/>
								<line number="185" hits="2039" branch="true" condition-coverage="100% (2/2)">
									<conditions>
										<condition number="0" type="jump" coverage="100%"/>
									</conditions>
								</line>
								<line number="186" hits="1062" branch="false"/>
								<line number="190" hits="977" branch="false"/>
								<line number="191" hits="977" branch="false"/>
								<line number="192" hits="977" branch="false"/>
								<line number="193" hits="977" branch="false"/>
								<line number="195" hits="977" branch="false"/>
								<line number="196" hits="977" branch="false"/>
								<line number="201" hits="977" branch="false"/>
							</lines>
						</method>
						<method name="getCurrency" signature="(Ljava/util/Optional;)Ljava/util/Optional;" line-rate="1.0" branch-rate="1.0" complexity="0">
							<lines>
							</lines>
						</method>
						<method name="getLenient" signature="(Ljava/util/Optional;)Z" line-rate="1.0" branch-rate="1.0" complexity="0">
							<lines>
								<line number="62" hits="345" branch="false"/>
							</lines>
						</method>
						<method name="getLocale" signature="(Ljava/util/Optional;)Ljava/util/Locale;" line-rate="1.0" branch-rate="1.0" complexity="0">
							<lines>
								<line number="73" hits="977" branch="false"/>
							</lines>
						</method>
						<method name="getMax" signature="(Ljava/util/Optional;)Ljava/util/Optional;" line-rate="1.0" branch-rate="1.0" complexity="0">
							<lines>
							</lines>
						</method>
						<method name="getMin" signature="(Ljava/util/Optional;)Ljava/util/Optional;" line-rate="1.0" branch-rate="1.0" complexity="0">
							<lines>
							</lines>
						</method>
						<method name="getNumberConverterAnnotation" signature="([Ljava/lang/annotation/Annotation;)Ljava/util/Optional;" line-rate="1.0" branch-rate="1.0" complexity="0">
							<lines>
								<line number="39" hits="2039" branch="false"/>
							</lines>
						</method>
						<method name="getPattern" signature="(Ljava/util/Optional;)Ljava/util/Optional;" line-rate="1.0" branch-rate="1.0" complexity="0">
							<lines>
							</lines>
						</method>
						<method name="getRounding" signature="(Ljava/util/Optional;)Ljava/util/Optional;" line-rate="1.0" branch-rate="1.0" complexity="0">
							<lines>
							</lines>
						</method>
						<method name="lambda$createNumberFormatter$24" signature="(Ljava/text/DecimalFormat;Ljava/math/RoundingMode;)V" line-rate="1.0" branch-rate="1.0" complexity="0">
							<lines>
								<line number="198" hits="1954" branch="false"/>
							</lines>
						</method>
						<method name="lambda$createNumberFormatter$25" signature="(Ljava/text/DecimalFormat;Ljava/util/Currency;)V" line-rate="1.0" branch-rate="1.0" complexity="0">
							<lines>
								<line number="199" hits="1019" branch="false"/>
							</lines>
						</method>
						<method name="lambda$getCurrency$13" signature="(Lorg/supercsv/ext/annotation/CsvNumberConverter;)Ljava/lang/String;" line-rate="1.0" branch-rate="1.0" complexity="0">
							<lines>
								<line number="83" hits="1954" branch="false"/>
							</lines>
						</method>
						<method name="lambda$getCurrency$14" signature="(Ljava/lang/String;)Z" line-rate="1.0" branch-rate="1.0" complexity="0">
							<lines>
								<line number="84" hits="1954" branch="true" condition-coverage="100% (2/2)">
									<conditions>
										<condition number="0" type="jump" coverage="100%"/>
									</conditions>
								</line>
							</lines>
						</method>
						<method name="lambda$getCurrency$15" signature="(Ljava/lang/String;)Ljava/util/Currency;" line-rate="1.0" branch-rate="1.0" complexity="0">
							<lines>
								<line number="85" hits="1019" branch="false"/>
							</lines>
						</method>
						<method name="lambda$getLenient$11" signature="(Lorg/supercsv/ext/annotation/CsvNumberConverter;)Ljava/lang/Boolean;" line-rate="1.0" branch-rate="1.0" complexity="0">
							<lines>
								<line number="61" hits="557" branch="false"/>
							</lines>
						</method>
						<method name="lambda$getLocale$12" signature="(Lorg/supercsv/ext/annotation/CsvNumberConverter;)Ljava/util/Locale;" line-rate="1.0" branch-rate="1.0" complexity="0">
							<lines>
								<line number="72" hits="1954" branch="false"/>
							</lines>
						</method>
						<method name="lambda$getMax$19" signature="(Lorg/supercsv/ext/annotation/CsvNumberConverter;)Ljava/lang/String;" line-rate="1.0" branch-rate="1.0" complexity="0">
							<lines>
								<line number="117" hits="1464" branch="false"/>
							</lines>
						</method>
						<method name="lambda$getMax$20" signature="(Ljava/lang/String;)Z" line-rate="1.0" branch-rate="1.0" complexity="0">
							<lines>
								<line number="118" hits="1464" branch="true" condition-coverage="100% (2/2)">
									<conditions>
										<condition number="0" type="jump" coverage="100%"/>
									</conditions>
								</line>
							</lines>
						</method>
						<method name="lambda$getMin$17" signature="(Lorg/supercsv/ext/annotation/CsvNumberConverter;)Ljava/lang/String;" line-rate="1.0" branch-rate="1.0" complexity="0">
							<lines>
								<line number="105" hits="1464" branch="false"/>
							</lines>
						</method>
						<method name="lambda$getMin$18" signature="(Ljava/lang/String;)Z" line-rate="1.0" branch-rate="1.0" complexity="0">
							<lines>
								<line number="106" hits="1464" branch="true" condition-coverage="100% (2/2)">
									<conditions>
										<condition number="0" type="jump" coverage="100%"/>
									</conditions>
								</line>
							</lines>
						</method>
						<method name="lambda$getPattern$10" signature="(Ljava/lang/String;)Z" line-rate="1.0" branch-rate="1.0" complexity="0">
							<lines>
								<line number="51" hits="4326" branch="true" condition-coverage="100% (2/2)">
									<conditions>
										<condition number="0" type="jump" coverage="100%"/>
									</conditions>
								</line>
							</lines>
						</method>
						<method name="lambda$getPattern$9" signature="(Lorg/supercsv/ext/annotation/CsvNumberConverter;)Ljava/lang/String;" line-rate="1.0" branch-rate="1.0" complexity="0">
							<lines>
								<line number="50" hits="4326" branch="false"/>
							</lines>
						</method>
						<method name="lambda$getRounding$16" signature="(Lorg/supercsv/ext/annotation/CsvNumberConverter;)Ljava/math/RoundingMode;" line-rate="1.0" branch-rate="1.0" complexity="0">
							<lines>
								<line number="95" hits="1954" branch="false"/>
							</lines>
[...]
									<conditions>
										<condition number="0" type="jump" coverage="100%"/>
										<condition number="1" type="jump" coverage="100%"/>
									</conditions>
								</line>
								<line number="89" hits="207" branch="false"/>
								<line number="91" hits="12" branch="true" condition-coverage="100% (4/4)">
									<conditions>
										<condition number="0" type="jump" coverage="100%"/>
										<condition number="1" type="jump" coverage="100%"/>
									</conditions>
								</line>
								<line number="92" hits="2" branch="false"/>
								<line number="94" hits="10" branch="true" condition-coverage="100% (4/4)">
									<conditions>
										<condition number="0" type="jump" coverage="100%"/>
										<condition number="1" type="jump" coverage="100%"/>
									</conditions>
								</line>
								<line number="95" hits="2" branch="false"/>
								<line number="97" hits="8" branch="true" condition-coverage="100% (4/4)">
									<conditions>
										<condition number="0" type="jump" coverage="100%"/>
										<condition number="1" type="jump" coverage="100%"/>
									</conditions>
								</line>
								<line number="98" hits="5" branch="false"/>
								<line number="100" hits="3" branch="true" condition-coverage="100% (2/2)">
									<conditions>
										<condition number="0" type="jump" coverage="100%"/>
									</conditions>
								</line>
								<line number="101" hits="1" branch="false"/>
								<line number="103" hits="2" branch="true" condition-coverage="100% (2/2)">
									<conditions>
										<condition number="0" type="jump" coverage="100%"/>
									</conditions>
								</line>
								<line number="104" hits="1" branch="false"/>
								<line number="108" hits="1" branch="false"/>
							</lines>
						</method>
						<method name="format" signature="(Ljava/lang/Number;)Ljava/lang/String;" line-rate="1.0" branch-rate="1.0" complexity="0">
							<lines>
								<line number="39" hits="601" branch="false"/>
							</lines>
						</method>
						<method name="getPattern" signature="()Ljava/lang/String;" line-rate="0.75" branch-rate="0.5" complexity="0">
							<lines>
								<line number="145" hits="5" branch="true" condition-coverage="50% (1/2)">
									<conditions>
										<condition number="0" type="jump" coverage="50%"/>
									</conditions>
								</line>
								<line number="146" hits="5" branch="false"/>
								<line number="147" hits="5" branch="false"/>
								<line number="150" hits="0" branch="false"/>
							</lines>
						</method>
						<method name="isLenient" signature="()Z" line-rate="1.0" branch-rate="1.0" complexity="0">
							<lines>
								<line number="155" hits="2" branch="false"/>
							</lines>
						</method>
						<method name="parse" signature="(Ljava/lang/Class;Ljava/lang/String;)Ljava/lang/Number;" line-rate="1.0" branch-rate="1.0" complexity="0">
							<lines>
								<line number="54" hits="547" branch="true" condition-coverage="100% (2/2)">
									<conditions>
										<condition number="0" type="jump" coverage="100%"/>
									</conditions>
								</line>
								<line number="55" hits="49" branch="false"/>
								<line number="57" hits="498" branch="false"/>
								<line number="58" hits="498" branch="false"/>
								<line number="60" hits="497" branch="true" condition-coverage="100% (2/2)">
									<conditions>
										<condition number="0" type="jump" coverage="100%"/>
									</conditions>
								</line>
								<line number="61" hits="2" branch="false"/>
								<line number="62" hits="2" branch="false"/>
								<line number="67" hits="543" branch="true" condition-coverage="100% (2/2)">
									<conditions>
										<condition number="0" type="jump" coverage="100%"/>
									</conditions>
								</line>
								<line number="69" hits="320" branch="false"/>
								<line number="72" hits="223" branch="false"/>
								<line number="74" hits="1" branch="false"/>
								<line number="75" hits="1" branch="false"/>
							</lines>
						</method>
					</methods>
					<lines>
						<line number="24" hits="301" branch="false"/>
						<line number="25" hits="300" branch="false"/>
						<line number="27" hits="543" branch="false"/>
						<line number="29" hits="543" branch="true" condition-coverage="100% (2/2)">
							<conditions>
								<condition number="0" type="jump" coverage="100%"/>
							</conditions>
						</line>
						<line number="30" hits="1" branch="false"/>
						<line number="33" hits="542" branch="false"/>
						<line number="34" hits="542" branch="false"/>
						<line number="36" hits="542" branch="false"/>
						<line number="39" hits="601" branch="false"/>
						<line number="54" hits="547" branch="true" condition-coverage="100% (2/2)">
							<conditions>
								<condition number="0" type="jump" coverage="100%"/>
							</conditions>
						</line>
						<line number="55" hits="49" branch="false"/>
						<line number="57" hits="498" branch="false"/>
						<line number="58" hits="498" branch="false"/>
						<line number="60" hits="497" branch="true" condition-coverage="100% (2/2)">
							<conditions>
								<condition number="0" type="jump" coverage="100%"/>
							</conditions>
						</line>
						<line number="61" hits="2" branch="false"/>
						<line number="62" hits="2" branch="false"/>
						<line number="67" hits="543" branch="true" condition-coverage="100% (2/2)">
							<conditions>
								<condition number="0" type="jump" coverage="100%"/>
							</conditions>
						</line>
						<line number="69" hits="320" branch="false"/>
						<line number="72" hits="223" branch="false"/>
						<line number="74" hits="1" branch="false"/>
						<line number="75" hits="1" branch="false"/>
						<line number="82" hits="223" branch="true" condition-coverage="100% (4/4)">
							<conditions>
								<condition number="0" type="jump" coverage="100%"/>
								<condition number="1" type="jump" coverage="100%"/>
							</conditions>
						</line>
						<line number="83" hits="2" branch="false"/>
						<line number="85" hits="221" branch="true" condition-coverage="100% (4/4)">
							<conditions>
								<condition number="0" type="jump" coverage="100%"/>
								<condition number="1" type="jump" coverage="100%"/>
							</conditions>
						</line>
						<line number="86" hits="2" branch="false"/>
						<line number="88" hits="219" branch="true" condition-coverage="100% (4/4)">
							<conditions>
								<condition number="0" type="jump" coverage="100%"/>
								<condition number="1" type="jump" coverage="100%"/>
							</conditions>
						</line>
						<line number="89" hits="207" branch="false"/>
						<line number="91" hits="12" branch="true" condition-coverage="100% (4/4)">
							<conditions>
								<condition number="0" type="jump" coverage="100%"/>
								<condition number="1" type="jump" coverage="100%"/>
							</conditions>
						</line>
						<line number="92" hits="2" branch="false"/>
						<line number="94" hits="10" branch="true" condition-coverage="100% (4/4)">
							<conditions>
								<condition number="0" type="jump" coverage="100%"/>
								<condition number="1" type="jump" coverage="100%"/>
							</conditions>
						</line>
						<line number="95" hits="2" branch="false"/>
						<line number="97" hits="8" branch="true" condition-coverage="100% (4/4)">
							<conditions>
								<condition number="0" type="jump" coverage="100%"/>
								<condition number="1" type="jump" coverage="100%"/>
							</conditions>
						</line>
						<line number="98" hits="5" branch="false"/>
						<line number="100" hits="3" branch="true" condition-coverage="100% (2/2)">
							<conditions>
								<condition number="0" type="jump" coverage="100%"/>
							</conditions>
						</line>
						<line number="101" hits="1" branch="false"/>
						<line number="103" hits="2" branch="true" condition-coverage="100% (2/2)">
							<conditions>
								<condition number="0" type="jump" coverage="100%"/>
							</conditions>
						</line>
						<line number="104" hits="1" branch="false"/>
						<line number="108" hits="1" branch="false"/>
						<line number="113" hits="320" branch="true" condition-coverage="100% (4/4)">
							<conditions>
								<condition number="0" type="jump" coverage="100%"/>
								<condition number="1" type="jump" coverage="100%"/>
							</conditions>
						</line>
						<line number="114" hits="44" branch="true" condition-coverage="100% (2/2)">
							<conditions>
								<condition number="0" type="jump" coverage="100%"/>
							</conditions>
						</line>
						<line number="116" hits="276" branch="true" condition-coverage="100% (4/4)">
							<conditions>
								<condition number="0" type="jump" coverage="100%"/>
								<condition number="1" type="jump" coverage="100%"/>
							</conditions>
						</line>
						<line number="117" hits="44" branch="true" condition-coverage="100% (2/2)">
							<conditions>
								<condition number="0" type="jump" coverage="100%"/>
							</conditions>
						</line>
						<line number="119" hits="232" branch="true" condition-coverage="100% (4/4)">
							<conditions>
								<condition number="0" type="jump" coverage="100%"/>
								<condition number="1" type="jump" coverage="100%"/>
							</conditions>
						</line>
						<line number="120" hits="55" branch="true" condition-coverage="100% (2/2)">
							<conditions>
								<condition number="0" type="jump" coverage="100%"/>
							</conditions>
						</line>
						<line number="122" hits="177" branch="true" condition-coverage="100% (4/4)">
							<conditions>
								<condition number="0" type="jump" coverage="100%"/>
								<condition number="1" type="jump" coverage="100%"/>
							</conditions>
						</line>
						<line number="123" hits="44" branch="true" condition-coverage="100% (2/2)">
							<conditions>
								<condition number="0" type="jump" coverage="100%"/>
							</conditions>
						</line>
						<line number="125" hits="133" branch="true" condition-coverage="100% (4/4)">
							<conditions>
								<condition number="0" type="jump" coverage="100%"/>
								<condition number="1" type="jump" coverage="100%"/>
							</conditions>
						</line>
						<line number="126" hits="44" branch="false"/>
						<line number="128" hits="89" branch="true" condition-coverage="100% (4/4)">
							<conditions>
								<condition number="0" type="jump" coverage="100%"/>
								<condition number="1" type="jump" coverage="100%"/>
							</conditions>
						</line>
						<line number="129" hits="44" branch="false"/>
						<line number="131" hits="45" branch="true" condition-coverage="100% (2/2)">
							<conditions>
								<condition number="0" type="jump" coverage="100%"/>
							</conditions>
						</line>
						<line number="132" hits="22" branch="true" condition-coverage="100% (2/2)">
							<conditions>
								<condition number="0" type="jump" coverage="100%"/>
							</conditions>
						</line>
						<line number="134" hits="23" branch="true" condition-coverage="100% (2/2)">
							<conditions>
								<condition number="0" type="jump" coverage="100%"/>
							</conditions>
						</line>
						<line number="135" hits="22" branch="false"/>
						<line number="139" hits="1" branch="false"/>
						<line number="145" hits="5" branch="true" condition-coverage="50% (1/2)">
							<conditions>
								<condition number="0" type="jump" coverage="50%"/>
							</conditions>
						</line>
						<line number="146" hits="5" branch="false"/>
						<line number="147" hits="5" branch="false"/>
						<line number="150" hits="0" branch="false"/>
						<line number="155" hits="2" branch="false"/>
					</lines>
				</class>
				<class name="org.supercsv.ext.util.SimpleDateFormatBuilder" filename="org/supercsv/ext/util/SimpleDateFormatBuilder.java" line-rate="0.75" branch-rate="0.5" complexity="1.3333333333333333">
					<methods>
						<method name="&lt;init&gt;" signature="(Ljava/lang/String;)V" line-rate="1.0" branch-rate="1.0" complexity="0">
							<lines>
								<line number="32" hits="8" branch="false"/>
								<line number="33" hits="8" branch="false"/>
								<line number="34" hits="8" branch="false"/>
								<line number="35" hits="8" branch="false"/>
								<line number="36" hits="8" branch="false"/>
								<line number="37" hits="8" branch="false"/>
							</lines>
						</method>
						<method name="build" signature="()Ljava/text/SimpleDateFormat;" line-rate="0.8571428571428571" branch-rate="0.5" complexity="0">
							<lines>
								<line number="46" hits="8" branch="true" condition-coverage="50% (1/2)">
									<conditions>
										<condition number="0" type="jump" coverage="50%"/>
									</conditions>
								</line>
								<line number="47" hits="8" branch="false"/>
								<line number="49" hits="0" branch="false"/>
								<line number="52" hits="8" branch="true" condition-coverage="50% (1/2)">
									<conditions>
										<condition number="0" type="jump" coverage="50%"/>
									</conditions>
								</line>
								<line number="53" hits="8" branch="false"/>
								<line number="55" hits="8" branch="false"/>
								<line number="57" hits="8" branch="false"/>
							</lines>
						</method>
						<method name="create" signature="(Ljava/lang/String;)Lorg/supercsv/ext/util/SimpleDateFormatBuilder;" line-rate="1.0" branch-rate="1.0" complexity="0">
							<lines>
								<line number="29" hits="8" branch="false"/>
							</lines>
						</method>
						<method name="lenient" signature="(Z)Lorg/supercsv/ext/util/SimpleDateFormatBuilder;" line-rate="1.0" branch-rate="1.0" complexity="0">
							<lines>
								<line number="72" hits="8" branch="false"/>
								<line number="73" hits="8" branch="false"/>
							</lines>
						</method>
						<method name="locale" signature="(Ljava/util/Locale;)Lorg/supercsv/ext/util/SimpleDateFormatBuilder;" line-rate="0.0" branch-rate="1.0" complexity="0">
							<lines>
								<line number="62" hits="0" branch="false"/>
								<line number="63" hits="0" branch="false"/>
							</lines>
						</method>
						<method name="timeZone" signature="(Ljava/util/TimeZone;)Lorg/supercsv/ext/util/SimpleDateFormatBuilder;" line-rate="0.0" branch-rate="1.0" complexity="0">
							<lines>
								<line number="67" hits="0" branch="false"/>
								<line number="68" hits="0" branch="false"/>
							</lines>
						</method>
					</methods>
					<lines>
						<line number="29" hits="8" branch="false"/>
						<line number="32" hits="8" branch="false"/>
						<line number="33" hits="8" branch="false"/>
						<line number="34" hits="8" branch="false"/>
						<line number="35" hits="8" branch="false"/>
						<line number="36" hits="8" branch="false"/>
						<line number="37" hits="8" branch="false"/>
						<line number="46" hits="8" branch="true" condition-coverage="50% (1/2)">
							<conditions>
								<condition number="0" type="jump" coverage="50%"/>
							</conditions>
						</line>
						<line number="47" hits="8" branch="false"/>
						<line number="49" hits="0" branch="false"/>
						<line number="52" hits="8" branch="true" condition-coverage="50% (1/2)">
							<conditions>
								<condition number="0" type="jump" coverage="50%"/>
							</conditions>
						</line>
						<line number="53" hits="8" branch="false"/>
						<line number="55" hits="8" branch="false"/>
						<line number="57" hits="8" branch="false"/>
						<line number="62" hits="0" branch="false"/>
						<line number="63" hits="0" branch="false"/>
						<line number="67" hits="0" branch="false"/>
						<line number="68" hits="0" branch="false"/>
						<line number="72" hits="8" branch="false"/>
						<line number="73" hits="8" branch="false"/>
					</lines>
				</class>
				<class name="org.supercsv.ext.util.Utils" filename="org/supercsv/ext/util/Utils.java" line-rate="0.6" branch-rate="0.5" complexity="5.0">
					<methods>
						<method name="&lt;init&gt;" signature="()V" line-rate="0.0" branch-rate="1.0" complexity="0">
							<lines>
								<line number="12" hits="0" branch="false"/>
							</lines>
						</method>
						<method name="getLocale" signature="(Ljava/lang/String;)Ljava/util/Locale;" line-rate="0.75" branch-rate="0.6666666666666666" complexity="0">
							<lines>
								<line number="46" hits="2035" branch="true" condition-coverage="100% (2/2)">
									<conditions>
										<condition number="0" type="jump" coverage="100%"/>
									</conditions>
								</line>
								<line number="47" hits="2019" branch="false"/>
								<line number="50" hits="16" branch="true" condition-coverage="50% (1/2)">
									<conditions>
										<condition number="0" type="jump" coverage="50%"/>
									</conditions>
								</line>
								<line number="51" hits="0" branch="false"/>
								<line number="54" hits="16" branch="false"/>
								<line number="55" hits="16" branch="true" condition-coverage="50% (1/2)">
									<conditions>
										<condition number="0" type="jump" coverage="50%"/>
									</conditions>
								</line>
								<line number="56" hits="0" branch="false"/>
								<line number="59" hits="16" branch="false"/>
							</lines>
						</method>
						<method name="isEmpty" signature="(Ljava/lang/String;)Z" line-rate="1.0" branch-rate="0.75" complexity="0">
							<lines>
								<line number="30" hits="2739" branch="true" condition-coverage="75% (3/4)">
									<conditions>
										<condition number="0" type="jump" coverage="50%"/>
										<condition number="1" type="jump" coverage="100%"/>
									</conditions>
								</line>
								<line number="31" hits="2019" branch="false"/>
								<line number="34" hits="720" branch="false"/>
							</lines>
						</method>
						<method name="isEmpty" signature="([Ljava/lang/Object;)Z" line-rate="0.0" branch-rate="0.0" complexity="0">
							<lines>
								<line number="22" hits="0" branch="true" condition-coverage="0% (0/4)">
									<conditions>
										<condition number="0" type="jump" coverage="0%"/>
										<condition number="1" type="jump" coverage="0%"/>
									</conditions>
								</line>
								<line number="23" hits="0" branch="false"/>
								<line number="26" hits="0" branch="false"/>
							</lines>
						</method>
					</methods>
					<lines>
						<line number="12" hits="0" branch="false"/>
						<line number="22" hits="0" branch="true" condition-coverage="0% (0/4)">
							<conditions>
								<condition number="0" type="jump" coverage="0%"/>
								<condition number="1" type="jump" coverage="0%"/>
							</conditions>
						</line>
						<line number="23" hits="0" branch="false"/>
						<line number="26" hits="0" branch="false"/>
						<line number="30" hits="2739" branch="true" condition-coverage="75% (3/4)">
							<conditions>
								<condition number="0" type="jump" coverage="50%"/>
								<condition number="1" type="jump" coverage="100%"/>
							</conditions>
						</line>
						<line number="31" hits="2019" branch="false"/>
						<line number="34" hits="720" branch="false"/>
						<line number="46" hits="2035" branch="true" condition-coverage="100% (2/2)">
							<conditions>
								<condition number="0" type="jump" coverage="100%"/>
							</conditions>
						</line>
						<line number="47" hits="2019" branch="false"/>
						<line number="50" hits="16" branch="true" condition-coverage="50% (1/2)">
							<conditions>
								<condition number="0" type="jump" coverage="50%"/>
							</conditions>
						</line>
						<line number="51" hits="0" branch="false"/>
						<line number="54" hits="16" branch="false"/>
						<line number="55" hits="16" branch="true" condition-coverage="50% (1/2)">
							<conditions>
								<condition number="0" type="jump" coverage="50%"/>
							</conditions>
						</line>
						<line number="56" hits="0" branch="false"/>
						<line number="59" hits="16" branch="false"/>
					</lines>
				</class>
			</classes>
		</package>
	</packages>
</coverage>
